<?xml version="1.0" encoding="UTF-8"?>
<testsuite name="com.playground.jdbcplayground.JdbcPlaygroundApplicationTests" tests="1" skipped="0" failures="0" errors="0" timestamp="2021-01-12T21:20:23" hostname="fola-ThinkPad-X1-Carbon-6th" time="0.264">
  <properties/>
  <testcase name="contextLoads" classname="com.playground.jdbcplayground.JdbcPlaygroundApplicationTests" time="0.264"/>
  <system-out><![CDATA[16:20:21.449 [Test worker] DEBUG org.springframework.test.context.junit4.SpringJUnit4ClassRunner - SpringJUnit4ClassRunner constructor called with [class com.playground.jdbcplayground.JdbcPlaygroundApplicationTests]
16:20:21.460 [Test worker] DEBUG org.springframework.test.context.BootstrapUtils - Instantiating CacheAwareContextLoaderDelegate from class [org.springframework.test.context.cache.DefaultCacheAwareContextLoaderDelegate]
16:20:21.468 [Test worker] DEBUG org.springframework.test.context.BootstrapUtils - Instantiating BootstrapContext using constructor [public org.springframework.test.context.support.DefaultBootstrapContext(java.lang.Class,org.springframework.test.context.CacheAwareContextLoaderDelegate)]
16:20:21.506 [Test worker] DEBUG org.springframework.test.context.BootstrapUtils - Instantiating TestContextBootstrapper for test class [com.playground.jdbcplayground.JdbcPlaygroundApplicationTests] from class [org.springframework.boot.test.context.SpringBootTestContextBootstrapper]
16:20:21.514 [Test worker] INFO org.springframework.boot.test.context.SpringBootTestContextBootstrapper - Neither @ContextConfiguration nor @ContextHierarchy found for test class [com.playground.jdbcplayground.JdbcPlaygroundApplicationTests], using SpringBootContextLoader
16:20:21.516 [Test worker] DEBUG org.springframework.test.context.support.AbstractContextLoader - Did not detect default resource location for test class [com.playground.jdbcplayground.JdbcPlaygroundApplicationTests]: class path resource [com/playground/jdbcplayground/JdbcPlaygroundApplicationTests-context.xml] does not exist
16:20:21.517 [Test worker] DEBUG org.springframework.test.context.support.AbstractContextLoader - Did not detect default resource location for test class [com.playground.jdbcplayground.JdbcPlaygroundApplicationTests]: class path resource [com/playground/jdbcplayground/JdbcPlaygroundApplicationTestsContext.groovy] does not exist
16:20:21.518 [Test worker] INFO org.springframework.test.context.support.AbstractContextLoader - Could not detect default resource locations for test class [com.playground.jdbcplayground.JdbcPlaygroundApplicationTests]: no resource found for suffixes {-context.xml, Context.groovy}.
16:20:21.518 [Test worker] INFO org.springframework.test.context.support.AnnotationConfigContextLoaderUtils - Could not detect default configuration classes for test class [com.playground.jdbcplayground.JdbcPlaygroundApplicationTests]: JdbcPlaygroundApplicationTests does not declare any static, non-private, non-final, nested classes annotated with @Configuration.
16:20:21.551 [Test worker] DEBUG org.springframework.test.context.support.ActiveProfilesUtils - Could not find an 'annotation declaring class' for annotation type [org.springframework.test.context.ActiveProfiles] and class [com.playground.jdbcplayground.JdbcPlaygroundApplicationTests]
16:20:21.601 [Test worker] DEBUG org.springframework.context.annotation.ClassPathScanningCandidateComponentProvider - Identified candidate component class: file [/home/aoso/git/spring-jdbc-sample/build/classes/java/main/com/playground/jdbcplayground/JdbcPlaygroundApplication.class]
16:20:21.602 [Test worker] INFO org.springframework.boot.test.context.SpringBootTestContextBootstrapper - Found @SpringBootConfiguration com.playground.jdbcplayground.JdbcPlaygroundApplication for test class com.playground.jdbcplayground.JdbcPlaygroundApplicationTests
16:20:21.676 [Test worker] DEBUG org.springframework.boot.test.context.SpringBootTestContextBootstrapper - @TestExecutionListeners is not present for class [com.playground.jdbcplayground.JdbcPlaygroundApplicationTests]: using defaults.
16:20:21.676 [Test worker] INFO org.springframework.boot.test.context.SpringBootTestContextBootstrapper - Loaded default TestExecutionListener class names from location [META-INF/spring.factories]: [org.springframework.boot.test.autoconfigure.restdocs.RestDocsTestExecutionListener, org.springframework.boot.test.autoconfigure.web.client.MockRestServiceServerResetTestExecutionListener, org.springframework.boot.test.autoconfigure.web.servlet.MockMvcPrintOnlyOnFailureTestExecutionListener, org.springframework.boot.test.autoconfigure.web.servlet.WebDriverTestExecutionListener, org.springframework.boot.test.mock.mockito.MockitoTestExecutionListener, org.springframework.boot.test.mock.mockito.ResetMocksTestExecutionListener, org.springframework.test.context.web.ServletTestExecutionListener, org.springframework.test.context.support.DirtiesContextBeforeModesTestExecutionListener, org.springframework.test.context.support.DependencyInjectionTestExecutionListener, org.springframework.test.context.support.DirtiesContextTestExecutionListener, org.springframework.test.context.transaction.TransactionalTestExecutionListener, org.springframework.test.context.jdbc.SqlScriptsTestExecutionListener]
16:20:21.688 [Test worker] INFO org.springframework.boot.test.context.SpringBootTestContextBootstrapper - Using TestExecutionListeners: [org.springframework.test.context.web.ServletTestExecutionListener@5ea93f66, org.springframework.test.context.support.DirtiesContextBeforeModesTestExecutionListener@43b5b013, org.springframework.boot.test.mock.mockito.MockitoTestExecutionListener@6671a594, org.springframework.boot.test.autoconfigure.SpringBootDependencyInjectionTestExecutionListener@2d7e2023, org.springframework.test.context.support.DirtiesContextTestExecutionListener@3a3b68e5, org.springframework.test.context.transaction.TransactionalTestExecutionListener@54e06299, org.springframework.test.context.jdbc.SqlScriptsTestExecutionListener@3fd63094, org.springframework.boot.test.autoconfigure.restdocs.RestDocsTestExecutionListener@63f57075, org.springframework.boot.test.autoconfigure.web.client.MockRestServiceServerResetTestExecutionListener@2e840ae, org.springframework.boot.test.autoconfigure.web.servlet.MockMvcPrintOnlyOnFailureTestExecutionListener@554b1ec0, org.springframework.boot.test.autoconfigure.web.servlet.WebDriverTestExecutionListener@5b97d66d, org.springframework.boot.test.mock.mockito.ResetMocksTestExecutionListener@132963b2]
16:20:21.690 [Test worker] DEBUG org.springframework.test.annotation.ProfileValueUtils - Retrieved @ProfileValueSourceConfiguration [null] for test class [com.playground.jdbcplayground.JdbcPlaygroundApplicationTests]
16:20:21.691 [Test worker] DEBUG org.springframework.test.annotation.ProfileValueUtils - Retrieved ProfileValueSource type [class org.springframework.test.annotation.SystemProfileValueSource] for class [com.playground.jdbcplayground.JdbcPlaygroundApplicationTests]
16:20:21.691 [Test worker] DEBUG org.springframework.test.annotation.ProfileValueUtils - Retrieved @ProfileValueSourceConfiguration [null] for test class [com.playground.jdbcplayground.JdbcPlaygroundApplicationTests]
16:20:21.692 [Test worker] DEBUG org.springframework.test.annotation.ProfileValueUtils - Retrieved ProfileValueSource type [class org.springframework.test.annotation.SystemProfileValueSource] for class [com.playground.jdbcplayground.JdbcPlaygroundApplicationTests]
16:20:21.696 [Test worker] DEBUG org.springframework.test.context.support.AbstractDirtiesContextTestExecutionListener - Before test class: context [DefaultTestContext@4660c386 testClass = JdbcPlaygroundApplicationTests, testInstance = [null], testMethod = [null], testException = [null], mergedContextConfiguration = [WebMergedContextConfiguration@6163d104 testClass = JdbcPlaygroundApplicationTests, locations = '{}', classes = '{class com.playground.jdbcplayground.JdbcPlaygroundApplication}', contextInitializerClasses = '[]', activeProfiles = '{}', propertySourceLocations = '{}', propertySourceProperties = '{org.springframework.boot.test.context.SpringBootTestContextBootstrapper=true}', contextCustomizers = set[org.springframework.boot.test.autoconfigure.properties.PropertyMappingContextCustomizer@0, org.springframework.boot.test.autoconfigure.web.servlet.WebDriverContextCustomizerFactory$Customizer@23716860, org.springframework.boot.test.context.filter.ExcludeFilterContextCustomizer@7203bd7d, org.springframework.boot.test.json.DuplicateJsonObjectContextCustomizerFactory$DuplicateJsonObjectContextCustomizer@40e181d5, org.springframework.boot.test.mock.mockito.MockitoContextCustomizer@0, org.springframework.boot.test.web.client.TestRestTemplateContextCustomizer@2804ff1f], resourceBasePath = 'src/main/webapp', contextLoader = 'org.springframework.boot.test.context.SpringBootContextLoader', parent = [null]], attributes = map['org.springframework.test.context.web.ServletTestExecutionListener.activateListener' -> true]], class annotated with @DirtiesContext [false] with mode [null].
16:20:21.696 [Test worker] DEBUG org.springframework.test.annotation.ProfileValueUtils - Retrieved @ProfileValueSourceConfiguration [null] for test class [com.playground.jdbcplayground.JdbcPlaygroundApplicationTests]
16:20:21.697 [Test worker] DEBUG org.springframework.test.annotation.ProfileValueUtils - Retrieved ProfileValueSource type [class org.springframework.test.annotation.SystemProfileValueSource] for class [com.playground.jdbcplayground.JdbcPlaygroundApplicationTests]
16:20:21.712 [Test worker] DEBUG org.springframework.test.context.support.TestPropertySourceUtils - Adding inlined properties to environment: {spring.jmx.enabled=false, org.springframework.boot.test.context.SpringBootTestContextBootstrapper=true, server.port=-1}

  .   ____          _            __ _ _
 /\\ / ___'_ __ _ _(_)_ __  __ _ \ \ \ \
( ( )\___ | '_ | '_| | '_ \/ _` | \ \ \ \
 \\/  ___)| |_)| | | | | || (_| |  ) ) ) )
  '  |____| .__|_| |_|_| |_\__, | / / / /
 =========|_|==============|___/=/_/_/_/
 :: Spring Boot ::        (v2.1.2.RELEASE)

2021-01-12 16:20:21.943  INFO 12269 --- [    Test worker] c.p.j.JdbcPlaygroundApplicationTests     : Starting JdbcPlaygroundApplicationTests on fola-ThinkPad-X1-Carbon-6th with PID 12269 (started by aoso in /home/aoso/git/spring-jdbc-sample)
2021-01-12 16:20:21.945  INFO 12269 --- [    Test worker] c.p.j.JdbcPlaygroundApplicationTests     : No active profile set, falling back to default profiles: default
2021-01-12 16:20:23.414  INFO 12269 --- [    Test worker] o.s.s.concurrent.ThreadPoolTaskExecutor  : Initializing ExecutorService 'applicationTaskExecutor'
2021-01-12 16:20:23.674  INFO 12269 --- [    Test worker] c.p.j.JdbcPlaygroundApplicationTests     : Started JdbcPlaygroundApplicationTests in 1.956 seconds (JVM running for 2.747)
]]></system-out>
  <system-err><![CDATA[]]></system-err>
</testsuite>
